<?xml-stylesheet type='text/xsl' href='lightest-details.xsl'?><test-result id='2' name='makeItFail' status='FAIL' started-at='2014-05-27T14:12:05Z' finished-at='2014-05-27T14:12:05Z' preformat-detailed-message='true'><info-sources><env title='Environment : unspecified1' header1='Setting' header2='Value'></env></info-sources><task-result name='com.googlecode.lightest.distributed.FailureTask' description='' status='2' params='[:]' message='' started-at='2014-05-27T14:12:05Z' finished-at='2014-05-27T14:12:05Z' duration-ms='2'><detailed-message/><link href='' rel='' title=''>Test script line number: Oops! Problem finding line number.</link><nested-results/></task-result></test-result>