<?xml-stylesheet type='text/xsl' href='lightest-details.xsl'?><test-results id='1' name='makeItFail' status='FAIL' started-at='2014-05-27T14:04:37Z' finished-at='2014-05-27T14:04:37Z' preformat-detailed-message='true'><info-sources><env title='Environment : unspecified1' header1='Setting' header2='Value'></env></info-sources><task-results name='com.googlecode.lightest.distributed.FailureTask' description='' status='2' params='[:]' message='' started-at='2014-05-27T14:04:37Z' finished-at='2014-05-27T14:04:37Z' duration-ms='8'><detailed-message/><link href='' rel='' title=''>Test script line number: Oops! Problem finding line number.</link><nested-results/></task-results></test-results>